
Collecting usage statistics. To deactivate, set browser.gatherUsageStats to false.


  You can now view your Streamlit app in your browser.

  Local URL: http://localhost:8501
  Network URL: http://192.168.0.2:8501
  External URL: http://35.224.132.190:8501

/app/universe/universe_loader.py:19: FutureWarning: Passing literal html to 'read_html' is deprecated and will be removed in a future version. To read from a literal string, wrap it in a 'StringIO' object.
  tables = pd.read_html(response.text)
2026-03-25 02:01:07.396 Thread 'ThreadPoolExecutor-2_0': missing ScriptRunContext! This warning can be ignored when running in bare mode.
2026-03-25 02:01:07.406 Thread 'ThreadPoolExecutor-2_1': missing ScriptRunContext! This warning can be ignored when running in bare mode.
2026-03-25 02:01:07.407 Thread 'ThreadPoolExecutor-2_2': missing ScriptRunContext! This warning can be ignored when running in bare mode.
2026-03-25 02:01:07.414 Thread 'ThreadPoolExecutor-2_3': missing ScriptRunContext! This warning can be ignored when running in bare mode.
2026-03-25 02:01:07.419 Thread 'ThreadPoolExecutor-2_4': missing ScriptRunContext! This warning can be ignored when running in bare mode.
2026-03-25 02:01:07.422 Thread 'ThreadPoolExecutor-2_5': missing ScriptRunContext! This warning can be ignored when running in bare mode.
2026-03-25 02:01:07.425 Thread 'ThreadPoolExecutor-2_6': missing ScriptRunContext! This warning can be ignored when running in bare mode.
2026-03-25 02:01:07.429 Thread 'ThreadPoolExecutor-2_7': missing ScriptRunContext! This warning can be ignored when running in bare mode.
2026-03-25 02:01:07.432 Thread 'ThreadPoolExecutor-2_8': missing ScriptRunContext! This warning can be ignored when running in bare mode.
2026-03-25 02:01:07.433 Thread 'ThreadPoolExecutor-2_9': missing ScriptRunContext! This warning can be ignored when running in bare mode.
2026-03-25 02:01:07.966 Thread 'ThreadPoolExecutor-2_2': missing ScriptRunContext! This warning can be ignored when running in bare mode.
2026-03-25 02:01:07.979 Thread 'ThreadPoolExecutor-2_7': missing ScriptRunContext! This warning can be ignored when running in bare mode.
2026-03-25 02:01:07.982 Thread 'ThreadPoolExecutor-2_1': missing ScriptRunContext! This warning can be ignored when running in bare mode.
2026-03-25 02:01:07.984 Thread 'ThreadPoolExecutor-2_6': missing ScriptRunContext! This warning can be ignored when running in bare mode.
2026-03-25 02:01:08.023 Thread 'ThreadPoolExecutor-2_3': missing ScriptRunContext! This warning can be ignored when running in bare mode.
2026-03-25 02:01:08.028 Thread 'ThreadPoolExecutor-2_9': missing ScriptRunContext! This warning can be ignored when running in bare mode.
2026-03-25 02:01:08.034 Thread 'ThreadPoolExecutor-2_4': missing ScriptRunContext! This warning can be ignored when running in bare mode.
2026-03-25 02:01:08.054 Thread 'ThreadPoolExecutor-2_8': missing ScriptRunContext! This warning can be ignored when running in bare mode.
2026-03-25 02:01:08.080 Thread 'ThreadPoolExecutor-2_0': missing ScriptRunContext! This warning can be ignored when running in bare mode.
2026-03-25 02:01:08.142 Thread 'ThreadPoolExecutor-2_5': missing ScriptRunContext! This warning can be ignored when running in bare mode.
2026-03-25 02:01:08.183 Thread 'ThreadPoolExecutor-2_3': missing ScriptRunContext! This warning can be ignored when running in bare mode.
2026-03-25 02:01:08.200 Thread 'ThreadPoolExecutor-2_9': missing ScriptRunContext! This warning can be ignored when running in bare mode.
2026-03-25 02:01:08.219 Thread 'ThreadPoolExecutor-2_6': missing ScriptRunContext! This warning can be ignored when running in bare mode.
2026-03-25 02:01:08.226 Thread 'ThreadPoolExecutor-2_8': missing ScriptRunContext! This warning can be ignored when running in bare mode.
2026-03-25 02:01:08.245 Thread 'ThreadPoolExecutor-2_1': missing ScriptRunContext! This warning can be ignored when running in bare mode.
2026-03-25 02:01:08.266 Thread 'ThreadPoolExecutor-2_2': missing ScriptRunContext! This warning can be ignored when running in bare mode.
2026-03-25 02:01:08.268 Thread 'ThreadPoolExecutor-2_4': missing ScriptRunContext! This warning can be ignored when running in bare mode.
2026-03-25 02:01:08.288 Thread 'ThreadPoolExecutor-2_7': missing ScriptRunContext! This warning can be ignored when running in bare mode.
2026-03-25 02:01:08.489 Thread 'ThreadPoolExecutor-2_3': missing ScriptRunContext! This warning can be ignored when running in bare mode.
2026-03-25 02:01:08.491 Thread 'ThreadPoolExecutor-2_6': missing ScriptRunContext! This warning can be ignored when running in bare mode.
2026-03-25 02:01:08.498 Thread 'ThreadPoolExecutor-2_0': missing ScriptRunContext! This warning can be ignored when running in bare mode.
2026-03-25 02:01:08.530 Thread 'ThreadPoolExecutor-2_1': missing ScriptRunContext! This warning can be ignored when running in bare mode.
2026-03-25 02:01:08.533 Thread 'ThreadPoolExecutor-2_7': missing ScriptRunContext! This warning can be ignored when running in bare mode.
2026-03-25 02:01:08.549 Thread 'ThreadPoolExecutor-2_9': missing ScriptRunContext! This warning can be ignored when running in bare mode.
2026-03-25 02:01:08.570 Thread 'ThreadPoolExecutor-2_4': missing ScriptRunContext! This warning can be ignored when running in bare mode.
2026-03-25 02:01:08.583 Thread 'ThreadPoolExecutor-2_8': missing ScriptRunContext! This warning can be ignored when running in bare mode.
2026-03-25 02:01:08.588 Thread 'ThreadPoolExecutor-2_2': missing ScriptRunContext! This warning can be ignored when running in bare mode.
2026-03-25 02:01:08.596 Thread 'ThreadPoolExecutor-2_5': missing ScriptRunContext! This warning can be ignored when running in bare mode.
2026-03-25 02:01:08.754 Thread 'ThreadPoolExecutor-2_2': missing ScriptRunContext! This warning can be ignored when running in bare mode.
2026-03-25 02:01:08.770 Thread 'ThreadPoolExecutor-2_0': missing ScriptRunContext! This warning can be ignored when running in bare mode.
2026-03-25 02:01:08.802 Thread 'ThreadPoolExecutor-2_5': missing ScriptRunContext! This warning can be ignored when running in bare mode.
2026-03-25 02:01:08.805 Thread 'ThreadPoolExecutor-2_7': missing ScriptRunContext! This warning can be ignored when running in bare mode.
2026-03-25 02:01:08.809 Thread 'ThreadPoolExecutor-2_3': missing ScriptRunContext! This warning can be ignored when running in bare mode.
2026-03-25 02:01:08.820 Thread 'ThreadPoolExecutor-2_6': missing ScriptRunContext! This warning can be ignored when running in bare mode.
2026-03-25 02:01:08.842 Thread 'ThreadPoolExecutor-2_1': missing ScriptRunContext! This warning can be ignored when running in bare mode.
2026-03-25 02:01:08.848 Thread 'ThreadPoolExecutor-2_4': missing ScriptRunContext! This warning can be ignored when running in bare mode.
2026-03-25 02:01:08.853 Thread 'ThreadPoolExecutor-2_8': missing ScriptRunContext! This warning can be ignored when running in bare mode.
2026-03-25 02:01:08.871 Thread 'ThreadPoolExecutor-2_9': missing ScriptRunContext! This warning can be ignored when running in bare mode.
2026-03-25 02:01:09.144 Thread 'ThreadPoolExecutor-2_7': missing ScriptRunContext! This warning can be ignored when running in bare mode.
2026-03-25 02:01:09.153 Thread 'ThreadPoolExecutor-2_2': missing ScriptRunContext! This warning can be ignored when running in bare mode.
2026-03-25 02:01:09.166 Thread 'ThreadPoolExecutor-2_8': missing ScriptRunContext! This warning can be ignored when running in bare mode.
2026-03-25 02:01:09.198 Thread 'ThreadPoolExecutor-2_4': missing ScriptRunContext! This warning can be ignored when running in bare mode.
2026-03-25 02:01:09.203 Thread 'ThreadPoolExecutor-2_0': missing ScriptRunContext! This warning can be ignored when running in bare mode.
2026-03-25 02:01:09.208 Thread 'ThreadPoolExecutor-2_1': missing ScriptRunContext! This warning can be ignored when running in bare mode.
2026-03-25 02:01:09.223 Thread 'ThreadPoolExecutor-2_6': missing ScriptRunContext! This warning can be ignored when running in bare mode.
2026-03-25 02:01:09.241 Thread 'ThreadPoolExecutor-2_5': missing ScriptRunContext! This warning can be ignored when running in bare mode.
2026-03-25 02:01:09.246 Thread 'ThreadPoolExecutor-2_9': missing ScriptRunContext! This warning can be ignored when running in bare mode.
2026-03-25 02:01:09.253 Thread 'ThreadPoolExecutor-2_3': missing ScriptRunContext! This warning can be ignored when running in bare mode.
2026-03-25 02:01:09.287 Thread 'ThreadPoolExecutor-2_7': missing ScriptRunContext! This warning can be ignored when running in bare mode.
2026-03-25 02:01:09.289 Thread 'ThreadPoolExecutor-2_2': missing ScriptRunContext! This warning can be ignored when running in bare mode.
2026-03-25 02:01:09.488 Thread 'ThreadPoolExecutor-2_9': missing ScriptRunContext! This warning can be ignored when running in bare mode.
2026-03-25 02:01:09.500 Thread 'ThreadPoolExecutor-2_3': missing ScriptRunContext! This warning can be ignored when running in bare mode.
2026-03-25 02:01:09.509 Thread 'ThreadPoolExecutor-2_7': missing ScriptRunContext! This warning can be ignored when running in bare mode.
2026-03-25 02:01:09.515 Thread 'ThreadPoolExecutor-2_2': missing ScriptRunContext! This warning can be ignored when running in bare mode.
2026-03-25 02:01:09.516 Thread 'ThreadPoolExecutor-2_0': missing ScriptRunContext! This warning can be ignored when running in bare mode.
2026-03-25 02:01:09.560 Thread 'ThreadPoolExecutor-2_8': missing ScriptRunContext! This warning can be ignored when running in bare mode.
2026-03-25 02:01:09.570 Thread 'ThreadPoolExecutor-2_6': missing ScriptRunContext! This warning can be ignored when running in bare mode.
2026-03-25 02:01:09.616 Thread 'ThreadPoolExecutor-2_1': missing ScriptRunContext! This warning can be ignored when running in bare mode.
2026-03-25 02:01:09.624 Thread 'ThreadPoolExecutor-2_4': missing ScriptRunContext! This warning can be ignored when running in bare mode.
2026-03-25 02:01:09.625 Thread 'ThreadPoolExecutor-2_5': missing ScriptRunContext! This warning can be ignored when running in bare mode.
2026-03-25 02:01:09.669 Thread 'ThreadPoolExecutor-2_7': missing ScriptRunContext! This warning can be ignored when running in bare mode.
2026-03-25 02:01:09.673 Thread 'ThreadPoolExecutor-2_9': missing ScriptRunContext! This warning can be ignored when running in bare mode.
2026-03-25 02:01:09.708 Thread 'ThreadPoolExecutor-2_3': missing ScriptRunContext! This warning can be ignored when running in bare mode.
2026-03-25 02:01:09.854 Thread 'ThreadPoolExecutor-2_5': missing ScriptRunContext! This warning can be ignored when running in bare mode.
2026-03-25 02:01:09.894 Thread 'ThreadPoolExecutor-2_1': missing ScriptRunContext! This warning can be ignored when running in bare mode.
2026-03-25 02:01:09.915 Thread 'ThreadPoolExecutor-2_0': missing ScriptRunContext! This warning can be ignored when running in bare mode.
2026-03-25 02:01:09.925 Thread 'ThreadPoolExecutor-2_4': missing ScriptRunContext! This warning can be ignored when running in bare mode.
2026-03-25 02:01:09.936 Thread 'ThreadPoolExecutor-2_8': missing ScriptRunContext! This warning can be ignored when running in bare mode.
2026-03-25 02:01:09.943 Thread 'ThreadPoolExecutor-2_3': missing ScriptRunContext! This warning can be ignored when running in bare mode.
2026-03-25 02:01:09.978 Thread 'ThreadPoolExecutor-2_2': missing ScriptRunContext! This warning can be ignored when running in bare mode.
2026-03-25 02:01:09.981 Thread 'ThreadPoolExecutor-2_6': missing ScriptRunContext! This warning can be ignored when running in bare mode.
2026-03-25 02:01:10.007 Thread 'ThreadPoolExecutor-2_7': missing ScriptRunContext! This warning can be ignored when running in bare mode.
2026-03-25 02:01:10.016 Thread 'ThreadPoolExecutor-2_9': missing ScriptRunContext! This warning can be ignored when running in bare mode.
$BF.B: possibly delisted; no price data found  (period=2y)

1 Failed download:
['BF.B']: possibly delisted; no price data found  (period=2y)

1 Failed download:
2026-03-25 02:01:10.068 Thread 'ThreadPoolExecutor-2_6': missing ScriptRunContext! This warning can be ignored when running in bare mode.

1 Failed download:
2026-03-25 02:01:10.076 Thread 'ThreadPoolExecutor-2_7': missing ScriptRunContext! This warning can be ignored when running in bare mode.
['BF.B']: possibly delisted; no price data found  (period=2y)
2026-03-25 02:01:10.082 Thread 'ThreadPoolExecutor-2_2': missing ScriptRunContext! This warning can be ignored when running in bare mode.
2026-03-25 02:01:10.095 Thread 'ThreadPoolExecutor-2_5': missing ScriptRunContext! This warning can be ignored when running in bare mode.
2026-03-25 02:01:10.098 Thread 'ThreadPoolExecutor-2_1': missing ScriptRunContext! This warning can be ignored when running in bare mode.

1 Failed download:
2026-03-25 02:01:10.102 Thread 'ThreadPoolExecutor-2_9': missing ScriptRunContext! This warning can be ignored when running in bare mode.
2026-03-25 02:01:10.124 Thread 'ThreadPoolExecutor-2_8': missing ScriptRunContext! This warning can be ignored when running in bare mode.
2026-03-25 02:01:10.142 Thread 'ThreadPoolExecutor-2_0': missing ScriptRunContext! This warning can be ignored when running in bare mode.
2026-03-25 02:01:10.148 Thread 'ThreadPoolExecutor-2_4': missing ScriptRunContext! This warning can be ignored when running in bare mode.
2026-03-25 02:01:10.156 Thread 'ThreadPoolExecutor-2_3': missing ScriptRunContext! This warning can be ignored when running in bare mode.
2026-03-25 02:01:10.320 Thread 'ThreadPoolExecutor-2_6': missing ScriptRunContext! This warning can be ignored when running in bare mode.
2026-03-25 02:01:10.366 Thread 'ThreadPoolExecutor-2_9': missing ScriptRunContext! This warning can be ignored when running in bare mode.
2026-03-25 02:01:10.372 Thread 'ThreadPoolExecutor-2_5': missing ScriptRunContext! This warning can be ignored when running in bare mode.
2026-03-25 02:01:10.385 Thread 'ThreadPoolExecutor-2_1': missing ScriptRunContext! This warning can be ignored when running in bare mode.
2026-03-25 02:01:10.413 Thread 'ThreadPoolExecutor-2_8': missing ScriptRunContext! This warning can be ignored when running in bare mode.
2026-03-25 02:01:10.421 Thread 'ThreadPoolExecutor-2_0': missing ScriptRunContext! This warning can be ignored when running in bare mode.
2026-03-25 02:01:10.425 Thread 'ThreadPoolExecutor-2_4': missing ScriptRunContext! This warning can be ignored when running in bare mode.
2026-03-25 02:01:10.423 Thread 'ThreadPoolExecutor-2_3': missing ScriptRunContext! This warning can be ignored when running in bare mode.
2026-03-25 02:01:10.435 Thread 'ThreadPoolExecutor-2_2': missing ScriptRunContext! This warning can be ignored when running in bare mode.
2026-03-25 02:01:10.506 Thread 'ThreadPoolExecutor-2_7': missing ScriptRunContext! This warning can be ignored when running in bare mode.
2026-03-25 02:01:10.512 Thread 'ThreadPoolExecutor-2_6': missing ScriptRunContext! This warning can be ignored when running in bare mode.
2026-03-25 02:01:10.545 Thread 'ThreadPoolExecutor-2_5': missing ScriptRunContext! This warning can be ignored when running in bare mode.
2026-03-25 02:01:10.572 Thread 'ThreadPoolExecutor-2_9': missing ScriptRunContext! This warning can be ignored when running in bare mode.
2026-03-25 02:01:10.625 Thread 'ThreadPoolExecutor-2_2': missing ScriptRunContext! This warning can be ignored when running in bare mode.
2026-03-25 02:01:10.641 Thread 'ThreadPoolExecutor-2_8': missing ScriptRunContext! This warning can be ignored when running in bare mode.
2026-03-25 02:01:10.744 Thread 'ThreadPoolExecutor-2_7': missing ScriptRunContext! This warning can be ignored when running in bare mode.
2026-03-25 02:01:10.745 Thread 'ThreadPoolExecutor-2_6': missing ScriptRunContext! This warning can be ignored when running in bare mode.
2026-03-25 02:01:10.746 Thread 'ThreadPoolExecutor-2_9': missing ScriptRunContext! This warning can be ignored when running in bare mode.
2026-03-25 02:01:10.757 Thread 'ThreadPoolExecutor-2_8': missing ScriptRunContext! This warning can be ignored when running in bare mode.
2026-03-25 02:01:10.758 Thread 'ThreadPoolExecutor-2_4': missing ScriptRunContext! This warning can be ignored when running in bare mode.
2026-03-25 02:01:10.770 Thread 'ThreadPoolExecutor-2_2': missing ScriptRunContext! This warning can be ignored when running in bare mode.
2026-03-25 02:01:10.776 Thread 'ThreadPoolExecutor-2_3': missing ScriptRunContext! This warning can be ignored when running in bare mode.
2026-03-25 02:01:10.777 Thread 'ThreadPoolExecutor-2_5': missing ScriptRunContext! This warning can be ignored when running in bare mode.
2026-03-25 02:01:10.779 Thread 'ThreadPoolExecutor-2_1': missing ScriptRunContext! This warning can be ignored when running in bare mode.
2026-03-25 02:01:10.783 Thread 'ThreadPoolExecutor-2_0': missing ScriptRunContext! This warning can be ignored when running in bare mode.
2026-03-25 02:01:11.137 Thread 'ThreadPoolExecutor-2_0': missing ScriptRunContext! This warning can be ignored when running in bare mode.
2026-03-25 02:01:11.151 Thread 'ThreadPoolExecutor-2_8': missing ScriptRunContext! This warning can be ignored when running in bare mode.
2026-03-25 02:01:11.173 Thread 'ThreadPoolExecutor-2_1': missing ScriptRunContext! This warning can be ignored when running in bare mode.
2026-03-25 02:01:11.192 Thread 'ThreadPoolExecutor-2_7': missing ScriptRunContext! This warning can be ignored when running in bare mode.
2026-03-25 02:01:11.210 Thread 'ThreadPoolExecutor-2_4': missing ScriptRunContext! This warning can be ignored when running in bare mode.
2026-03-25 02:01:11.216 Thread 'ThreadPoolExecutor-2_3': missing ScriptRunContext! This warning can be ignored when running in bare mode.
2026-03-25 02:01:11.223 Thread 'ThreadPoolExecutor-2_6': missing ScriptRunContext! This warning can be ignored when running in bare mode.
2026-03-25 02:01:11.233 Thread 'ThreadPoolExecutor-2_9': missing ScriptRunContext! This warning can be ignored when running in bare mode.
2026-03-25 02:01:11.256 Thread 'ThreadPoolExecutor-2_2': missing ScriptRunContext! This warning can be ignored when running in bare mode.
2026-03-25 02:01:11.259 Thread 'ThreadPoolExecutor-2_5': missing ScriptRunContext! This warning can be ignored when running in bare mode.
2026-03-25 02:01:11.423 Thread 'ThreadPoolExecutor-2_7': missing ScriptRunContext! This warning can be ignored when running in bare mode.
2026-03-25 02:01:11.456 Thread 'ThreadPoolExecutor-2_6': missing ScriptRunContext! This warning can be ignored when running in bare mode.
2026-03-25 02:01:11.459 Thread 'ThreadPoolExecutor-2_2': missing ScriptRunContext! This warning can be ignored when running in bare mode.
2026-03-25 02:01:11.465 Thread 'ThreadPoolExecutor-2_8': missing ScriptRunContext! This warning can be ignored when running in bare mode.
2026-03-25 02:01:11.471 Thread 'ThreadPoolExecutor-2_5': missing ScriptRunContext! This warning can be ignored when running in bare mode.
2026-03-25 02:01:11.473 Thread 'ThreadPoolExecutor-2_3': missing ScriptRunContext! This warning can be ignored when running in bare mode.
2026-03-25 02:01:11.475 Thread 'ThreadPoolExecutor-2_0': missing ScriptRunContext! This warning can be ignored when running in bare mode.
2026-03-25 02:01:11.489 Thread 'ThreadPoolExecutor-2_4': missing ScriptRunContext! This warning can be ignored when running in bare mode.
2026-03-25 02:01:11.494 Thread 'ThreadPoolExecutor-2_1': missing ScriptRunContext! This warning can be ignored when running in bare mode.
2026-03-25 02:01:11.542 Thread 'ThreadPoolExecutor-2_9': missing ScriptRunContext! This warning can be ignored when running in bare mode.
2026-03-25 02:01:11.760 Thread 'ThreadPoolExecutor-2_8': missing ScriptRunContext! This warning can be ignored when running in bare mode.
2026-03-25 02:01:11.793 Thread 'ThreadPoolExecutor-2_4': missing ScriptRunContext! This warning can be ignored when running in bare mode.
2026-03-25 02:01:11.806 Thread 'ThreadPoolExecutor-2_3': missing ScriptRunContext! This warning can be ignored when running in bare mode.
2026-03-25 02:01:11.809 Thread 'ThreadPoolExecutor-2_2': missing ScriptRunContext! This warning can be ignored when running in bare mode.
2026-03-25 02:01:11.811 Thread 'ThreadPoolExecutor-2_7': missing ScriptRunContext! This warning can be ignored when running in bare mode.
2026-03-25 02:01:11.828 Thread 'ThreadPoolExecutor-2_9': missing ScriptRunContext! This warning can be ignored when running in bare mode.
2026-03-25 02:01:11.855 Thread 'ThreadPoolExecutor-2_1': missing ScriptRunContext! This warning can be ignored when running in bare mode.
2026-03-25 02:01:11.868 Thread 'ThreadPoolExecutor-2_0': missing ScriptRunContext! This warning can be ignored when running in bare mode.
2026-03-25 02:01:11.873 Thread 'ThreadPoolExecutor-2_5': missing ScriptRunContext! This warning can be ignored when running in bare mode.
2026-03-25 02:01:11.884 Thread 'ThreadPoolExecutor-2_6': missing ScriptRunContext! This warning can be ignored when running in bare mode.
2026-03-25 02:01:11.922 Thread 'ThreadPoolExecutor-2_3': missing ScriptRunContext! This warning can be ignored when running in bare mode.
2026-03-25 02:01:11.943 Thread 'ThreadPoolExecutor-2_8': missing ScriptRunContext! This warning can be ignored when running in bare mode.
2026-03-25 02:01:11.946 Thread 'ThreadPoolExecutor-2_4': missing ScriptRunContext! This warning can be ignored when running in bare mode.
2026-03-25 02:01:11.976 Thread 'ThreadPoolExecutor-2_7': missing ScriptRunContext! This warning can be ignored when running in bare mode.
2026-03-25 02:01:12.118 Thread 'ThreadPoolExecutor-2_0': missing ScriptRunContext! This warning can be ignored when running in bare mode.
2026-03-25 02:01:12.130 Thread 'ThreadPoolExecutor-2_5': missing ScriptRunContext! This warning can be ignored when running in bare mode.
2026-03-25 02:01:12.136 Thread 'ThreadPoolExecutor-2_4': missing ScriptRunContext! This warning can be ignored when running in bare mode.
2026-03-25 02:01:12.147 Thread 'ThreadPoolExecutor-2_8': missing ScriptRunContext! This warning can be ignored when running in bare mode.
2026-03-25 02:01:12.156 Thread 'ThreadPoolExecutor-2_6': missing ScriptRunContext! This warning can be ignored when running in bare mode.
2026-03-25 02:01:12.174 Thread 'ThreadPoolExecutor-2_7': missing ScriptRunContext! This warning can be ignored when running in bare mode.
2026-03-25 02:01:12.179 Thread 'ThreadPoolExecutor-2_3': missing ScriptRunContext! This warning can be ignored when running in bare mode.
2026-03-25 02:01:12.197 Thread 'ThreadPoolExecutor-2_9': missing ScriptRunContext! This warning can be ignored when running in bare mode.
2026-03-25 02:01:12.200 Thread 'ThreadPoolExecutor-2_1': missing ScriptRunContext! This warning can be ignored when running in bare mode.
2026-03-25 02:01:12.313 Thread 'ThreadPoolExecutor-2_2': missing ScriptRunContext! This warning can be ignored when running in bare mode.
2026-03-25 02:01:12.414 Thread 'ThreadPoolExecutor-2_9': missing ScriptRunContext! This warning can be ignored when running in bare mode.
2026-03-25 02:01:12.475 Thread 'ThreadPoolExecutor-2_2': missing ScriptRunContext! This warning can be ignored when running in bare mode.
2026-03-25 02:01:12.514 Thread 'ThreadPoolExecutor-2_5': missing ScriptRunContext! This warning can be ignored when running in bare mode.
2026-03-25 02:01:12.556 Thread 'ThreadPoolExecutor-2_7': missing ScriptRunContext! This warning can be ignored when running in bare mode.
2026-03-25 02:01:12.565 Thread 'ThreadPoolExecutor-2_0': missing ScriptRunContext! This warning can be ignored when running in bare mode.
2026-03-25 02:01:12.580 Thread 'ThreadPoolExecutor-2_6': missing ScriptRunContext! This warning can be ignored when running in bare mode.
2026-03-25 02:01:12.587 Thread 'ThreadPoolExecutor-2_3': missing ScriptRunContext! This warning can be ignored when running in bare mode.
2026-03-25 02:01:12.593 Thread 'ThreadPoolExecutor-2_4': missing ScriptRunContext! This warning can be ignored when running in bare mode.
2026-03-25 02:01:12.595 Thread 'ThreadPoolExecutor-2_8': missing ScriptRunContext! This warning can be ignored when running in bare mode.
2026-03-25 02:01:12.612 Thread 'ThreadPoolExecutor-2_9': missing ScriptRunContext! This warning can be ignored when running in bare mode.
2026-03-25 02:01:12.618 Thread 'ThreadPoolExecutor-2_1': missing ScriptRunContext! This warning can be ignored when running in bare mode.
2026-03-25 02:01:12.629 Thread 'ThreadPoolExecutor-2_2': missing ScriptRunContext! This warning can be ignored when running in bare mode.
2026-03-25 02:01:12.848 Thread 'ThreadPoolExecutor-2_1': missing ScriptRunContext! This warning can be ignored when running in bare mode.
2026-03-25 02:01:12.890 Thread 'ThreadPoolExecutor-2_9': missing ScriptRunContext! This warning can be ignored when running in bare mode.
2026-03-25 02:01:12.926 Thread 'ThreadPoolExecutor-2_5': missing ScriptRunContext! This warning can be ignored when running in bare mode.
2026-03-25 02:01:12.945 Thread 'ThreadPoolExecutor-2_8': missing ScriptRunContext! This warning can be ignored when running in bare mode.
2026-03-25 02:01:12.954 Thread 'ThreadPoolExecutor-2_2': missing ScriptRunContext! This warning can be ignored when running in bare mode.
2026-03-25 02:01:12.959 Thread 'ThreadPoolExecutor-2_0': missing ScriptRunContext! This warning can be ignored when running in bare mode.
2026-03-25 02:01:12.965 Thread 'ThreadPoolExecutor-2_6': missing ScriptRunContext! This warning can be ignored when running in bare mode.
2026-03-25 02:01:12.973 Thread 'ThreadPoolExecutor-2_3': missing ScriptRunContext! This warning can be ignored when running in bare mode.
2026-03-25 02:01:12.992 Thread 'ThreadPoolExecutor-2_7': missing ScriptRunContext! This warning can be ignored when running in bare mode.
2026-03-25 02:01:13.004 Thread 'ThreadPoolExecutor-2_4': missing ScriptRunContext! This warning can be ignored when running in bare mode.
2026-03-25 02:01:13.187 Thread 'ThreadPoolExecutor-2_9': missing ScriptRunContext! This warning can be ignored when running in bare mode.
2026-03-25 02:01:13.212 Thread 'ThreadPoolExecutor-2_6': missing ScriptRunContext! This warning can be ignored when running in bare mode.
2026-03-25 02:01:13.218 Thread 'ThreadPoolExecutor-2_4': missing ScriptRunContext! This warning can be ignored when running in bare mode.
2026-03-25 02:01:13.238 Thread 'ThreadPoolExecutor-2_0': missing ScriptRunContext! This warning can be ignored when running in bare mode.
2026-03-25 02:01:13.265 Thread 'ThreadPoolExecutor-2_8': missing ScriptRunContext! This warning can be ignored when running in bare mode.
2026-03-25 02:01:13.291 Thread 'ThreadPoolExecutor-2_1': missing ScriptRunContext! This warning can be ignored when running in bare mode.
2026-03-25 02:01:13.299 Thread 'ThreadPoolExecutor-2_7': missing ScriptRunContext! This warning can be ignored when running in bare mode.
2026-03-25 02:01:13.302 Thread 'ThreadPoolExecutor-2_2': missing ScriptRunContext! This warning can be ignored when running in bare mode.
2026-03-25 02:01:13.319 Thread 'ThreadPoolExecutor-2_5': missing ScriptRunContext! This warning can be ignored when running in bare mode.
2026-03-25 02:01:13.323 Thread 'ThreadPoolExecutor-2_3': missing ScriptRunContext! This warning can be ignored when running in bare mode.
2026-03-25 02:01:13.330 Thread 'ThreadPoolExecutor-2_9': missing ScriptRunContext! This warning can be ignored when running in bare mode.
2026-03-25 02:01:13.627 Thread 'ThreadPoolExecutor-2_9': missing ScriptRunContext! This warning can be ignored when running in bare mode.
2026-03-25 02:01:13.648 Thread 'ThreadPoolExecutor-2_2': missing ScriptRunContext! This warning can be ignored when running in bare mode.
2026-03-25 02:01:13.690 Thread 'ThreadPoolExecutor-2_1': missing ScriptRunContext! This warning can be ignored when running in bare mode.
2026-03-25 02:01:13.692 Thread 'ThreadPoolExecutor-2_5': missing ScriptRunContext! This warning can be ignored when running in bare mode.
2026-03-25 02:01:13.702 Thread 'ThreadPoolExecutor-2_8': missing ScriptRunContext! This warning can be ignored when running in bare mode.
2026-03-25 02:01:13.704 Thread 'ThreadPoolExecutor-2_4': missing ScriptRunContext! This warning can be ignored when running in bare mode.
2026-03-25 02:01:13.714 Thread 'ThreadPoolExecutor-2_3': missing ScriptRunContext! This warning can be ignored when running in bare mode.
2026-03-25 02:01:13.716 Thread 'ThreadPoolExecutor-2_6': missing ScriptRunContext! This warning can be ignored when running in bare mode.
2026-03-25 02:01:13.756 Thread 'ThreadPoolExecutor-2_7': missing ScriptRunContext! This warning can be ignored when running in bare mode.
2026-03-25 02:01:13.783 Thread 'ThreadPoolExecutor-2_0': missing ScriptRunContext! This warning can be ignored when running in bare mode.
2026-03-25 02:01:13.878 Thread 'ThreadPoolExecutor-2_4': missing ScriptRunContext! This warning can be ignored when running in bare mode.
2026-03-25 02:01:13.889 Thread 'ThreadPoolExecutor-2_8': missing ScriptRunContext! This warning can be ignored when running in bare mode.
2026-03-25 02:01:13.925 Thread 'ThreadPoolExecutor-2_2': missing ScriptRunContext! This warning can be ignored when running in bare mode.
2026-03-25 02:01:13.999 Thread 'ThreadPoolExecutor-2_9': missing ScriptRunContext! This warning can be ignored when running in bare mode.
2026-03-25 02:01:14.004 Thread 'ThreadPoolExecutor-2_1': missing ScriptRunContext! This warning can be ignored when running in bare mode.
2026-03-25 02:01:14.011 Thread 'ThreadPoolExecutor-2_7': missing ScriptRunContext! This warning can be ignored when running in bare mode.
2026-03-25 02:01:14.013 Thread 'ThreadPoolExecutor-2_5': missing ScriptRunContext! This warning can be ignored when running in bare mode.
2026-03-25 02:01:14.028 Thread 'ThreadPoolExecutor-2_6': missing ScriptRunContext! This warning can be ignored when running in bare mode.
2026-03-25 02:01:14.038 Thread 'ThreadPoolExecutor-2_0': missing ScriptRunContext! This warning can be ignored when running in bare mode.
2026-03-25 02:01:14.048 Thread 'ThreadPoolExecutor-2_3': missing ScriptRunContext! This warning can be ignored when running in bare mode.
2026-03-25 02:01:14.153 Thread 'ThreadPoolExecutor-2_4': missing ScriptRunContext! This warning can be ignored when running in bare mode.
2026-03-25 02:01:14.163 Thread 'ThreadPoolExecutor-2_9': missing ScriptRunContext! This warning can be ignored when running in bare mode.
2026-03-25 02:01:14.212 Thread 'ThreadPoolExecutor-2_6': missing ScriptRunContext! This warning can be ignored when running in bare mode.
2026-03-25 02:01:14.240 Thread 'ThreadPoolExecutor-2_5': missing ScriptRunContext! This warning can be ignored when running in bare mode.
2026-03-25 02:01:14.257 Thread 'ThreadPoolExecutor-2_0': missing ScriptRunContext! This warning can be ignored when running in bare mode.
2026-03-25 02:01:14.274 Thread 'ThreadPoolExecutor-2_3': missing ScriptRunContext! This warning can be ignored when running in bare mode.
2026-03-25 02:01:14.315 Thread 'ThreadPoolExecutor-2_2': missing ScriptRunContext! This warning can be ignored when running in bare mode.
2026-03-25 02:01:14.317 Thread 'ThreadPoolExecutor-2_7': missing ScriptRunContext! This warning can be ignored when running in bare mode.
2026-03-25 02:01:14.376 Thread 'ThreadPoolExecutor-2_8': missing ScriptRunContext! This warning can be ignored when running in bare mode.
2026-03-25 02:01:14.403 Thread 'ThreadPoolExecutor-2_1': missing ScriptRunContext! This warning can be ignored when running in bare mode.
2026-03-25 02:01:14.632 Thread 'ThreadPoolExecutor-2_5': missing ScriptRunContext! This warning can be ignored when running in bare mode.
2026-03-25 02:01:14.636 Thread 'ThreadPoolExecutor-2_4': missing ScriptRunContext! This warning can be ignored when running in bare mode.
2026-03-25 02:01:14.657 Thread 'ThreadPoolExecutor-2_9': missing ScriptRunContext! This warning can be ignored when running in bare mode.
2026-03-25 02:01:14.667 Thread 'ThreadPoolExecutor-2_3': missing ScriptRunContext! This warning can be ignored when running in bare mode.
2026-03-25 02:01:14.677 Thread 'ThreadPoolExecutor-2_8': missing ScriptRunContext! This warning can be ignored when running in bare mode.
2026-03-25 02:01:14.696 Thread 'ThreadPoolExecutor-2_1': missing ScriptRunContext! This warning can be ignored when running in bare mode.
2026-03-25 02:01:14.705 Thread 'ThreadPoolExecutor-2_2': missing ScriptRunContext! This warning can be ignored when running in bare mode.
2026-03-25 02:01:14.721 Thread 'ThreadPoolExecutor-2_6': missing ScriptRunContext! This warning can be ignored when running in bare mode.
2026-03-25 02:01:14.758 Thread 'ThreadPoolExecutor-2_0': missing ScriptRunContext! This warning can be ignored when running in bare mode.
2026-03-25 02:01:14.768 Thread 'ThreadPoolExecutor-2_3': missing ScriptRunContext! This warning can be ignored when running in bare mode.
2026-03-25 02:01:14.781 Thread 'ThreadPoolExecutor-2_7': missing ScriptRunContext! This warning can be ignored when running in bare mode.
2026-03-25 02:01:14.792 Thread 'ThreadPoolExecutor-2_4': missing ScriptRunContext! This warning can be ignored when running in bare mode.
2026-03-25 02:01:15.023 Thread 'ThreadPoolExecutor-2_3': missing ScriptRunContext! This warning can be ignored when running in bare mode.
2026-03-25 02:01:15.028 Thread 'ThreadPoolExecutor-2_0': missing ScriptRunContext! This warning can be ignored when running in bare mode.
2026-03-25 02:01:15.032 Thread 'ThreadPoolExecutor-2_2': missing ScriptRunContext! This warning can be ignored when running in bare mode.
2026-03-25 02:01:15.037 Thread 'ThreadPoolExecutor-2_1': missing ScriptRunContext! This warning can be ignored when running in bare mode.
2026-03-25 02:01:15.045 Thread 'ThreadPoolExecutor-2_4': missing ScriptRunContext! This warning can be ignored when running in bare mode.
2026-03-25 02:01:15.049 Thread 'ThreadPoolExecutor-2_5': missing ScriptRunContext! This warning can be ignored when running in bare mode.
2026-03-25 02:01:15.063 Thread 'ThreadPoolExecutor-2_8': missing ScriptRunContext! This warning can be ignored when running in bare mode.
2026-03-25 02:01:15.072 Thread 'ThreadPoolExecutor-2_7': missing ScriptRunContext! This warning can be ignored when running in bare mode.
2026-03-25 02:01:15.078 Thread 'ThreadPoolExecutor-2_9': missing ScriptRunContext! This warning can be ignored when running in bare mode.
2026-03-25 02:01:15.094 Thread 'ThreadPoolExecutor-2_6': missing ScriptRunContext! This warning can be ignored when running in bare mode.
2026-03-25 02:01:15.221 Thread 'ThreadPoolExecutor-2_2': missing ScriptRunContext! This warning can be ignored when running in bare mode.
2026-03-25 02:01:15.227 Thread 'ThreadPoolExecutor-2_1': missing ScriptRunContext! This warning can be ignored when running in bare mode.
2026-03-25 02:01:15.228 Thread 'ThreadPoolExecutor-2_4': missing ScriptRunContext! This warning can be ignored when running in bare mode.
2026-03-25 02:01:15.231 Thread 'ThreadPoolExecutor-2_0': missing ScriptRunContext! This warning can be ignored when running in bare mode.
2026-03-25 02:01:15.234 Thread 'ThreadPoolExecutor-2_3': missing ScriptRunContext! This warning can be ignored when running in bare mode.
2026-03-25 02:01:15.237 Thread 'ThreadPoolExecutor-2_6': missing ScriptRunContext! This warning can be ignored when running in bare mode.
2026-03-25 02:01:15.238 Thread 'ThreadPoolExecutor-2_5': missing ScriptRunContext! This warning can be ignored when running in bare mode.
2026-03-25 02:01:15.248 Thread 'ThreadPoolExecutor-2_7': missing ScriptRunContext! This warning can be ignored when running in bare mode.
2026-03-25 02:01:15.249 Thread 'ThreadPoolExecutor-2_8': missing ScriptRunContext! This warning can be ignored when running in bare mode.
2026-03-25 02:01:15.261 Thread 'ThreadPoolExecutor-2_9': missing ScriptRunContext! This warning can be ignored when running in bare mode.
2026-03-25 02:01:15.436 Thread 'ThreadPoolExecutor-2_5': missing ScriptRunContext! This warning can be ignored when running in bare mode.
2026-03-25 02:01:15.468 Thread 'ThreadPoolExecutor-2_1': missing ScriptRunContext! This warning can be ignored when running in bare mode.
2026-03-25 02:01:15.478 Thread 'ThreadPoolExecutor-2_2': missing ScriptRunContext! This warning can be ignored when running in bare mode.
2026-03-25 02:01:15.491 Thread 'ThreadPoolExecutor-2_9': missing ScriptRunContext! This warning can be ignored when running in bare mode.
2026-03-25 02:01:15.497 Thread 'ThreadPoolExecutor-2_8': missing ScriptRunContext! This warning can be ignored when running in bare mode.
2026-03-25 02:01:15.499 Thread 'ThreadPoolExecutor-2_4': missing ScriptRunContext! This warning can be ignored when running in bare mode.
2026-03-25 02:01:15.504 Thread 'ThreadPoolExecutor-2_0': missing ScriptRunContext! This warning can be ignored when running in bare mode.
2026-03-25 02:01:15.508 Thread 'ThreadPoolExecutor-2_7': missing ScriptRunContext! This warning can be ignored when running in bare mode.
2026-03-25 02:01:15.521 Thread 'ThreadPoolExecutor-2_6': missing ScriptRunContext! This warning can be ignored when running in bare mode.
2026-03-25 02:01:15.530 Thread 'ThreadPoolExecutor-2_3': missing ScriptRunContext! This warning can be ignored when running in bare mode.
2026-03-25 02:01:15.683 Thread 'ThreadPoolExecutor-2_6': missing ScriptRunContext! This warning can be ignored when running in bare mode.
2026-03-25 02:01:15.711 Thread 'ThreadPoolExecutor-2_0': missing ScriptRunContext! This warning can be ignored when running in bare mode.
2026-03-25 02:01:15.719 Thread 'ThreadPoolExecutor-2_3': missing ScriptRunContext! This warning can be ignored when running in bare mode.
2026-03-25 02:01:15.725 Thread 'ThreadPoolExecutor-2_1': missing ScriptRunContext! This warning can be ignored when running in bare mode.
2026-03-25 02:01:15.739 Thread 'ThreadPoolExecutor-2_7': missing ScriptRunContext! This warning can be ignored when running in bare mode.
2026-03-25 02:01:15.744 Thread 'ThreadPoolExecutor-2_9': missing ScriptRunContext! This warning can be ignored when running in bare mode.
2026-03-25 02:01:15.752 Thread 'ThreadPoolExecutor-2_4': missing ScriptRunContext! This warning can be ignored when running in bare mode.
2026-03-25 02:01:15.753 Thread 'ThreadPoolExecutor-2_8': missing ScriptRunContext! This warning can be ignored when running in bare mode.
2026-03-25 02:01:15.771 Thread 'ThreadPoolExecutor-2_2': missing ScriptRunContext! This warning can be ignored when running in bare mode.
2026-03-25 02:01:15.775 Thread 'ThreadPoolExecutor-2_5': missing ScriptRunContext! This warning can be ignored when running in bare mode.
2026-03-25 02:01:20.381 Thread 'ThreadPoolExecutor-2_6': missing ScriptRunContext! This warning can be ignored when running in bare mode.
2026-03-25 02:01:20.414 Thread 'ThreadPoolExecutor-2_8': missing ScriptRunContext! This warning can be ignored when running in bare mode.
2026-03-25 02:01:20.418 Thread 'ThreadPoolExecutor-2_1': missing ScriptRunContext! This warning can be ignored when running in bare mode.
2026-03-25 02:01:20.432 Thread 'ThreadPoolExecutor-2_2': missing ScriptRunContext! This warning can be ignored when running in bare mode.
2026-03-25 02:01:20.435 Thread 'ThreadPoolExecutor-2_0': missing ScriptRunContext! This warning can be ignored when running in bare mode.
2026-03-25 02:01:20.446 Thread 'ThreadPoolExecutor-2_3': missing ScriptRunContext! This warning can be ignored when running in bare mode.
2026-03-25 02:01:20.451 Thread 'ThreadPoolExecutor-2_7': missing ScriptRunContext! This warning can be ignored when running in bare mode.
2026-03-25 02:01:20.455 Thread 'ThreadPoolExecutor-2_4': missing ScriptRunContext! This warning can be ignored when running in bare mode.
2026-03-25 02:01:20.460 Thread 'ThreadPoolExecutor-2_5': missing ScriptRunContext! This warning can be ignored when running in bare mode.
2026-03-25 02:01:20.465 Thread 'ThreadPoolExecutor-2_9': missing ScriptRunContext! This warning can be ignored when running in bare mode.
2026-03-25 02:01:27.347 Thread 'ThreadPoolExecutor-2_9': missing ScriptRunContext! This warning can be ignored when running in bare mode.
2026-03-25 02:01:27.370 Thread 'ThreadPoolExecutor-2_2': missing ScriptRunContext! This warning can be ignored when running in bare mode.
2026-03-25 02:01:27.373 Thread 'ThreadPoolExecutor-2_8': missing ScriptRunContext! This warning can be ignored when running in bare mode.
2026-03-25 02:01:27.400 Thread 'ThreadPoolExecutor-2_5': missing ScriptRunContext! This warning can be ignored when running in bare mode.
2026-03-25 02:01:27.408 Thread 'ThreadPoolExecutor-2_1': missing ScriptRunContext! This warning can be ignored when running in bare mode.
2026-03-25 02:01:27.414 Thread 'ThreadPoolExecutor-2_7': missing ScriptRunContext! This warning can be ignored when running in bare mode.
2026-03-25 02:01:27.414 Thread 'ThreadPoolExecutor-2_3': missing ScriptRunContext! This warning can be ignored when running in bare mode.
2026-03-25 02:01:27.426 Thread 'ThreadPoolExecutor-2_6': missing ScriptRunContext! This warning can be ignored when running in bare mode.
2026-03-25 02:01:27.430 Thread 'ThreadPoolExecutor-2_0': missing ScriptRunContext! This warning can be ignored when running in bare mode.
2026-03-25 02:01:27.432 Thread 'ThreadPoolExecutor-2_4': missing ScriptRunContext! This warning can be ignored when running in bare mode.
2026-03-25 02:01:27.794 Thread 'ThreadPoolExecutor-2_2': missing ScriptRunContext! This warning can be ignored when running in bare mode.
2026-03-25 02:01:27.835 Thread 'ThreadPoolExecutor-2_7': missing ScriptRunContext! This warning can be ignored when running in bare mode.
2026-03-25 02:01:27.837 Thread 'ThreadPoolExecutor-2_8': missing ScriptRunContext! This warning can be ignored when running in bare mode.
2026-03-25 02:01:27.843 Thread 'ThreadPoolExecutor-2_5': missing ScriptRunContext! This warning can be ignored when running in bare mode.
2026-03-25 02:01:27.857 Thread 'ThreadPoolExecutor-2_6': missing ScriptRunContext! This warning can be ignored when running in bare mode.
2026-03-25 02:01:27.900 Thread 'ThreadPoolExecutor-2_0': missing ScriptRunContext! This warning can be ignored when running in bare mode.
2026-03-25 02:01:27.903 Thread 'ThreadPoolExecutor-2_1': missing ScriptRunContext! This warning can be ignored when running in bare mode.
2026-03-25 02:01:27.946 Thread 'ThreadPoolExecutor-2_3': missing ScriptRunContext! This warning can be ignored when running in bare mode.
2026-03-25 02:01:27.955 Thread 'ThreadPoolExecutor-2_9': missing ScriptRunContext! This warning can be ignored when running in bare mode.
2026-03-25 02:01:27.962 Thread 'ThreadPoolExecutor-2_4': missing ScriptRunContext! This warning can be ignored when running in bare mode.
2026-03-25 02:01:28.148 Thread 'ThreadPoolExecutor-2_7': missing ScriptRunContext! This warning can be ignored when running in bare mode.
2026-03-25 02:01:28.174 Thread 'ThreadPoolExecutor-2_5': missing ScriptRunContext! This warning can be ignored when running in bare mode.
2026-03-25 02:01:28.182 Thread 'ThreadPoolExecutor-2_4': missing ScriptRunContext! This warning can be ignored when running in bare mode.
2026-03-25 02:01:28.184 Thread 'ThreadPoolExecutor-2_1': missing ScriptRunContext! This warning can be ignored when running in bare mode.
2026-03-25 02:01:28.200 Thread 'ThreadPoolExecutor-2_8': missing ScriptRunContext! This warning can be ignored when running in bare mode.
2026-03-25 02:01:28.205 Thread 'ThreadPoolExecutor-2_3': missing ScriptRunContext! This warning can be ignored when running in bare mode.
2026-03-25 02:01:28.207 Thread 'ThreadPoolExecutor-2_9': missing ScriptRunContext! This warning can be ignored when running in bare mode.
2026-03-25 02:01:28.220 Thread 'ThreadPoolExecutor-2_6': missing ScriptRunContext! This warning can be ignored when running in bare mode.
2026-03-25 02:01:28.232 Thread 'ThreadPoolExecutor-2_0': missing ScriptRunContext! This warning can be ignored when running in bare mode.
2026-03-25 02:01:28.225 Thread 'ThreadPoolExecutor-2_2': missing ScriptRunContext! This warning can be ignored when running in bare mode.
2026-03-25 02:01:28.356 Thread 'ThreadPoolExecutor-2_0': missing ScriptRunContext! This warning can be ignored when running in bare mode.
2026-03-25 02:01:28.398 Thread 'ThreadPoolExecutor-2_3': missing ScriptRunContext! This warning can be ignored when running in bare mode.
2026-03-25 02:01:28.418 Thread 'ThreadPoolExecutor-2_8': missing ScriptRunContext! This warning can be ignored when running in bare mode.
2026-03-25 02:01:28.426 Thread 'ThreadPoolExecutor-2_6': missing ScriptRunContext! This warning can be ignored when running in bare mode.
2026-03-25 02:01:28.433 Thread 'ThreadPoolExecutor-2_9': missing ScriptRunContext! This warning can be ignored when running in bare mode.
2026-03-25 02:01:28.453 Thread 'ThreadPoolExecutor-2_4': missing ScriptRunContext! This warning can be ignored when running in bare mode.
2026-03-25 02:01:28.459 Thread 'ThreadPoolExecutor-2_7': missing ScriptRunContext! This warning can be ignored when running in bare mode.
2026-03-25 02:01:28.483 Thread 'ThreadPoolExecutor-2_5': missing ScriptRunContext! This warning can be ignored when running in bare mode.
2026-03-25 02:01:28.510 Thread 'ThreadPoolExecutor-2_2': missing ScriptRunContext! This warning can be ignored when running in bare mode.
2026-03-25 02:01:28.518 Thread 'ThreadPoolExecutor-2_1': missing ScriptRunContext! This warning can be ignored when running in bare mode.
2026-03-25 02:01:28.645 Thread 'ThreadPoolExecutor-2_3': missing ScriptRunContext! This warning can be ignored when running in bare mode.
2026-03-25 02:01:28.675 Thread 'ThreadPoolExecutor-2_0': missing ScriptRunContext! This warning can be ignored when running in bare mode.
2026-03-25 02:01:28.694 Thread 'ThreadPoolExecutor-2_6': missing ScriptRunContext! This warning can be ignored when running in bare mode.
2026-03-25 02:01:28.709 Thread 'ThreadPoolExecutor-2_9': missing ScriptRunContext! This warning can be ignored when running in bare mode.
2026-03-25 02:01:28.722 Thread 'ThreadPoolExecutor-2_8': missing ScriptRunContext! This warning can be ignored when running in bare mode.
2026-03-25 02:01:28.840 Thread 'ThreadPoolExecutor-2_5': missing ScriptRunContext! This warning can be ignored when running in bare mode.
2026-03-25 02:01:28.845 Thread 'ThreadPoolExecutor-2_3': missing ScriptRunContext! This warning can be ignored when running in bare mode.
2026-03-25 02:01:28.850 Thread 'ThreadPoolExecutor-2_8': missing ScriptRunContext! This warning can be ignored when running in bare mode.
$BRK.B: possibly delisted; no price data found  (period=2y) (Yahoo error = "No data found, symbol may be delisted")
2026-03-25 02:01:28.870 Thread 'ThreadPoolExecutor-2_2': missing ScriptRunContext! This warning can be ignored when running in bare mode.
2026-03-25 02:01:28.878 Thread 'ThreadPoolExecutor-2_6': missing ScriptRunContext! This warning can be ignored when running in bare mode.
2026-03-25 02:01:28.908 Thread 'ThreadPoolExecutor-2_1': missing ScriptRunContext! This warning can be ignored when running in bare mode.
2026-03-25 02:01:28.921 Thread 'ThreadPoolExecutor-2_0': missing ScriptRunContext! This warning can be ignored when running in bare mode.
2026-03-25 02:01:28.923 Thread 'ThreadPoolExecutor-2_4': missing ScriptRunContext! This warning can be ignored when running in bare mode.
2026-03-25 02:01:28.925 Thread 'ThreadPoolExecutor-2_9': missing ScriptRunContext! This warning can be ignored when running in bare mode.
2026-03-25 02:01:28.932 Thread 'ThreadPoolExecutor-2_7': missing ScriptRunContext! This warning can be ignored when running in bare mode.
2026-03-25 02:01:29.071 Thread 'ThreadPoolExecutor-2_2': missing ScriptRunContext! This warning can be ignored when running in bare mode.
2026-03-25 02:01:29.081 Thread 'ThreadPoolExecutor-2_8': missing ScriptRunContext! This warning can be ignored when running in bare mode.
2026-03-25 02:01:29.084 Thread 'ThreadPoolExecutor-2_3': missing ScriptRunContext! This warning can be ignored when running in bare mode.
2026-03-25 02:01:29.086 Thread 'ThreadPoolExecutor-2_9': missing ScriptRunContext! This warning can be ignored when running in bare mode.
2026-03-25 02:01:29.089 Thread 'ThreadPoolExecutor-2_0': missing ScriptRunContext! This warning can be ignored when running in bare mode.
2026-03-25 02:01:29.094 Thread 'ThreadPoolExecutor-2_1': missing ScriptRunContext! This warning can be ignored when running in bare mode.
2026-03-25 02:01:29.098 Thread 'ThreadPoolExecutor-2_6': missing ScriptRunContext! This warning can be ignored when running in bare mode.
2026-03-25 02:01:29.115 Thread 'ThreadPoolExecutor-2_5': missing ScriptRunContext! This warning can be ignored when running in bare mode.
2026-03-25 02:01:29.283 Thread 'ThreadPoolExecutor-2_0': missing ScriptRunContext! This warning can be ignored when running in bare mode.
2026-03-25 02:01:29.335 Thread 'ThreadPoolExecutor-2_2': missing ScriptRunContext! This warning can be ignored when running in bare mode.
2026-03-25 02:01:29.352 Thread 'ThreadPoolExecutor-2_9': missing ScriptRunContext! This warning can be ignored when running in bare mode.
2026-03-25 02:01:29.368 Thread 'ThreadPoolExecutor-2_1': missing ScriptRunContext! This warning can be ignored when running in bare mode.
2026-03-25 02:01:29.373 Thread 'ThreadPoolExecutor-2_4': missing ScriptRunContext! This warning can be ignored when running in bare mode.
2026-03-25 02:01:29.394 Thread 'ThreadPoolExecutor-2_7': missing ScriptRunContext! This warning can be ignored when running in bare mode.
2026-03-25 02:01:29.399 Thread 'ThreadPoolExecutor-2_3': missing ScriptRunContext! This warning can be ignored when running in bare mode.
2026-03-25 02:01:29.401 Thread 'ThreadPoolExecutor-2_8': missing ScriptRunContext! This warning can be ignored when running in bare mode.
2026-03-25 02:01:29.408 Thread 'ThreadPoolExecutor-2_6': missing ScriptRunContext! This warning can be ignored when running in bare mode.
2026-03-25 02:01:29.414 Thread 'ThreadPoolExecutor-2_5': missing ScriptRunContext! This warning can be ignored when running in bare mode.
2026-03-25 02:01:29.539 Thread 'ThreadPoolExecutor-2_8': missing ScriptRunContext! This warning can be ignored when running in bare mode.
2026-03-25 02:01:29.558 Thread 'ThreadPoolExecutor-2_5': missing ScriptRunContext! This warning can be ignored when running in bare mode.
2026-03-25 02:01:29.569 Thread 'ThreadPoolExecutor-2_0': missing ScriptRunContext! This warning can be ignored when running in bare mode.
2026-03-25 02:01:29.582 Thread 'ThreadPoolExecutor-2_6': missing ScriptRunContext! This warning can be ignored when running in bare mode.
2026-03-25 02:01:29.601 Thread 'ThreadPoolExecutor-2_7': missing ScriptRunContext! This warning can be ignored when running in bare mode.
2026-03-25 02:01:29.603 Thread 'ThreadPoolExecutor-2_2': missing ScriptRunContext! This warning can be ignored when running in bare mode.
2026-03-25 02:01:29.606 Thread 'ThreadPoolExecutor-2_9': missing ScriptRunContext! This warning can be ignored when running in bare mode.
2026-03-25 02:01:29.630 Thread 'ThreadPoolExecutor-2_4': missing ScriptRunContext! This warning can be ignored when running in bare mode.
2026-03-25 02:01:29.635 Thread 'ThreadPoolExecutor-2_3': missing ScriptRunContext! This warning can be ignored when running in bare mode.
2026-03-25 02:01:29.639 Thread 'ThreadPoolExecutor-2_1': missing ScriptRunContext! This warning can be ignored when running in bare mode.
2026-03-25 02:01:29.792 Thread 'ThreadPoolExecutor-2_6': missing ScriptRunContext! This warning can be ignored when running in bare mode.
2026-03-25 02:01:29.805 Thread 'ThreadPoolExecutor-2_0': missing ScriptRunContext! This warning can be ignored when running in bare mode.
2026-03-25 02:01:29.824 Thread 'ThreadPoolExecutor-2_2': missing ScriptRunContext! This warning can be ignored when running in bare mode.
2026-03-25 02:01:29.827 Thread 'ThreadPoolExecutor-2_9': missing ScriptRunContext! This warning can be ignored when running in bare mode.
2026-03-25 02:01:29.841 Thread 'ThreadPoolExecutor-2_7': missing ScriptRunContext! This warning can be ignored when running in bare mode.
2026-03-25 02:01:29.843 Thread 'ThreadPoolExecutor-2_1': missing ScriptRunContext! This warning can be ignored when running in bare mode.
2026-03-25 02:01:29.848 Thread 'ThreadPoolExecutor-2_5': missing ScriptRunContext! This warning can be ignored when running in bare mode.
2026-03-25 02:01:29.852 Thread 'ThreadPoolExecutor-2_4': missing ScriptRunContext! This warning can be ignored when running in bare mode.
2026-03-25 02:01:29.865 Thread 'ThreadPoolExecutor-2_8': missing ScriptRunContext! This warning can be ignored when running in bare mode.
2026-03-25 02:01:29.869 Thread 'ThreadPoolExecutor-2_3': missing ScriptRunContext! This warning can be ignored when running in bare mode.
2026-03-25 02:01:30.120 Thread 'ThreadPoolExecutor-2_8': missing ScriptRunContext! This warning can be ignored when running in bare mode.
2026-03-25 02:01:30.122 Thread 'ThreadPoolExecutor-2_1': missing ScriptRunContext! This warning can be ignored when running in bare mode.
2026-03-25 02:01:30.126 Thread 'ThreadPoolExecutor-2_6': missing ScriptRunContext! This warning can be ignored when running in bare mode.
2026-03-25 02:01:30.129 Thread 'ThreadPoolExecutor-2_3': missing ScriptRunContext! This warning can be ignored when running in bare mode.
2026-03-25 02:01:30.135 Thread 'ThreadPoolExecutor-2_5': missing ScriptRunContext! This warning can be ignored when running in bare mode.
2026-03-25 02:01:30.139 Thread 'ThreadPoolExecutor-2_2': missing ScriptRunContext! This warning can be ignored when running in bare mode.
2026-03-25 02:01:30.141 Thread 'ThreadPoolExecutor-2_4': missing ScriptRunContext! This warning can be ignored when running in bare mode.
2026-03-25 02:01:30.156 Thread 'ThreadPoolExecutor-2_9': missing ScriptRunContext! This warning can be ignored when running in bare mode.
2026-03-25 02:01:30.171 Thread 'ThreadPoolExecutor-2_7': missing ScriptRunContext! This warning can be ignored when running in bare mode.
2026-03-25 02:01:30.178 Thread 'ThreadPoolExecutor-2_0': missing ScriptRunContext! This warning can be ignored when running in bare mode.
2026-03-25 02:01:31.411 Thread 'ThreadPoolExecutor-2_2': missing ScriptRunContext! This warning can be ignored when running in bare mode.
2026-03-25 02:01:31.460 Thread 'ThreadPoolExecutor-2_4': missing ScriptRunContext! This warning can be ignored when running in bare mode.
2026-03-25 02:01:31.471 Thread 'ThreadPoolExecutor-2_5': missing ScriptRunContext! This warning can be ignored when running in bare mode.
2026-03-25 02:01:31.477 Thread 'ThreadPoolExecutor-2_1': missing ScriptRunContext! This warning can be ignored when running in bare mode.
2026-03-25 02:01:31.479 Thread 'ThreadPoolExecutor-2_3': missing ScriptRunContext! This warning can be ignored when running in bare mode.
2026-03-25 02:01:31.485 Thread 'ThreadPoolExecutor-2_6': missing ScriptRunContext! This warning can be ignored when running in bare mode.
2026-03-25 02:01:31.493 Thread 'ThreadPoolExecutor-2_9': missing ScriptRunContext! This warning can be ignored when running in bare mode.
2026-03-25 02:01:31.497 Thread 'ThreadPoolExecutor-2_7': missing ScriptRunContext! This warning can be ignored when running in bare mode.
2026-03-25 02:01:31.502 Thread 'ThreadPoolExecutor-2_8': missing ScriptRunContext! This warning can be ignored when running in bare mode.
2026-03-25 02:01:31.535 Thread 'ThreadPoolExecutor-2_0': missing ScriptRunContext! This warning can be ignored when running in bare mode.
2026-03-25 02:01:31.769 Thread 'ThreadPoolExecutor-2_0': missing ScriptRunContext! This warning can be ignored when running in bare mode.
2026-03-25 02:01:31.772 Thread 'ThreadPoolExecutor-2_4': missing ScriptRunContext! This warning can be ignored when running in bare mode.
2026-03-25 02:01:31.792 Thread 'ThreadPoolExecutor-2_3': missing ScriptRunContext! This warning can be ignored when running in bare mode.
2026-03-25 02:01:31.798 Thread 'ThreadPoolExecutor-2_1': missing ScriptRunContext! This warning can be ignored when running in bare mode.
2026-03-25 02:01:31.815 Thread 'ThreadPoolExecutor-2_6': missing ScriptRunContext! This warning can be ignored when running in bare mode.
2026-03-25 02:01:31.817 Thread 'ThreadPoolExecutor-2_7': missing ScriptRunContext! This warning can be ignored when running in bare mode.
2026-03-25 02:01:31.832 Thread 'ThreadPoolExecutor-2_5': missing ScriptRunContext! This warning can be ignored when running in bare mode.
2026-03-25 02:01:31.896 Thread 'ThreadPoolExecutor-2_0': missing ScriptRunContext! This warning can be ignored when running in bare mode.
2026-03-25 02:01:31.900 Thread 'ThreadPoolExecutor-2_2': missing ScriptRunContext! This warning can be ignored when running in bare mode.
2026-03-25 02:01:31.903 Thread 'ThreadPoolExecutor-2_9': missing ScriptRunContext! This warning can be ignored when running in bare mode.
2026-03-25 02:01:31.908 Thread 'ThreadPoolExecutor-2_8': missing ScriptRunContext! This warning can be ignored when running in bare mode.
2026-03-25 02:01:32.056 Thread 'ThreadPoolExecutor-2_1': missing ScriptRunContext! This warning can be ignored when running in bare mode.
2026-03-25 02:01:32.071 Thread 'ThreadPoolExecutor-2_3': missing ScriptRunContext! This warning can be ignored when running in bare mode.
2026-03-25 02:01:32.095 Thread 'ThreadPoolExecutor-2_6': missing ScriptRunContext! This warning can be ignored when running in bare mode.
2026-03-25 02:01:32.100 Thread 'ThreadPoolExecutor-2_8': missing ScriptRunContext! This warning can be ignored when running in bare mode.
2026-03-25 02:01:32.116 Thread 'ThreadPoolExecutor-2_7': missing ScriptRunContext! This warning can be ignored when running in bare mode.
2026-03-25 02:01:32.141 Thread 'ThreadPoolExecutor-2_2': missing ScriptRunContext! This warning can be ignored when running in bare mode.
2026-03-25 02:01:32.175 Thread 'ThreadPoolExecutor-2_5': missing ScriptRunContext! This warning can be ignored when running in bare mode.
2026-03-25 02:01:32.151 Thread 'ThreadPoolExecutor-2_0': missing ScriptRunContext! This warning can be ignored when running in bare mode.
2026-03-25 02:01:32.203 Thread 'ThreadPoolExecutor-2_9': missing ScriptRunContext! This warning can be ignored when running in bare mode.
2026-03-25 02:01:32.212 Thread 'ThreadPoolExecutor-2_4': missing ScriptRunContext! This warning can be ignored when running in bare mode.
2026-03-25 02:01:32.428 Thread 'ThreadPoolExecutor-2_4': missing ScriptRunContext! This warning can be ignored when running in bare mode.
2026-03-25 02:01:32.432 Thread 'ThreadPoolExecutor-2_0': missing ScriptRunContext! This warning can be ignored when running in bare mode.
2026-03-25 02:01:32.456 Thread 'ThreadPoolExecutor-2_8': missing ScriptRunContext! This warning can be ignored when running in bare mode.
2026-03-25 02:01:32.458 Thread 'ThreadPoolExecutor-2_6': missing ScriptRunContext! This warning can be ignored when running in bare mode.
2026-03-25 02:01:32.484 Thread 'ThreadPoolExecutor-2_5': missing ScriptRunContext! This warning can be ignored when running in bare mode.
2026-03-25 02:01:32.492 Thread 'ThreadPoolExecutor-2_3': missing ScriptRunContext! This warning can be ignored when running in bare mode.
2026-03-25 02:01:32.495 Thread 'ThreadPoolExecutor-2_9': missing ScriptRunContext! This warning can be ignored when running in bare mode.
2026-03-25 02:01:32.507 Thread 'ThreadPoolExecutor-2_1': missing ScriptRunContext! This warning can be ignored when running in bare mode.
2026-03-25 02:01:32.508 Thread 'ThreadPoolExecutor-2_7': missing ScriptRunContext! This warning can be ignored when running in bare mode.
2026-03-25 02:01:32.515 Thread 'ThreadPoolExecutor-2_2': missing ScriptRunContext! This warning can be ignored when running in bare mode.
2026-03-25 02:01:32.717 Thread 'ThreadPoolExecutor-2_3': missing ScriptRunContext! This warning can be ignored when running in bare mode.
2026-03-25 02:01:32.755 Thread 'ThreadPoolExecutor-2_7': missing ScriptRunContext! This warning can be ignored when running in bare mode.
2026-03-25 02:01:32.786 Thread 'ThreadPoolExecutor-2_0': missing ScriptRunContext! This warning can be ignored when running in bare mode.
2026-03-25 02:01:32.792 Thread 'ThreadPoolExecutor-2_4': missing ScriptRunContext! This warning can be ignored when running in bare mode.
2026-03-25 02:01:32.807 Thread 'ThreadPoolExecutor-2_9': missing ScriptRunContext! This warning can be ignored when running in bare mode.
2026-03-25 02:01:32.816 Thread 'ThreadPoolExecutor-2_8': missing ScriptRunContext! This warning can be ignored when running in bare mode.
2026-03-25 02:01:32.822 Thread 'ThreadPoolExecutor-2_6': missing ScriptRunContext! This warning can be ignored when running in bare mode.
2026-03-25 02:01:32.830 Thread 'ThreadPoolExecutor-2_1': missing ScriptRunContext! This warning can be ignored when running in bare mode.
2026-03-25 02:01:32.833 Thread 'ThreadPoolExecutor-2_5': missing ScriptRunContext! This warning can be ignored when running in bare mode.
2026-03-25 02:01:32.859 Thread 'ThreadPoolExecutor-2_2': missing ScriptRunContext! This warning can be ignored when running in bare mode.
2026-03-25 02:01:33.042 Thread 'ThreadPoolExecutor-2_0': missing ScriptRunContext! This warning can be ignored when running in bare mode.
2026-03-25 02:01:33.115 Thread 'ThreadPoolExecutor-2_5': missing ScriptRunContext! This warning can be ignored when running in bare mode.
2026-03-25 02:01:33.126 Thread 'ThreadPoolExecutor-2_4': missing ScriptRunContext! This warning can be ignored when running in bare mode.
2026-03-25 02:01:33.130 Thread 'ThreadPoolExecutor-2_3': missing ScriptRunContext! This warning can be ignored when running in bare mode.
2026-03-25 02:01:33.133 Thread 'ThreadPoolExecutor-2_9': missing ScriptRunContext! This warning can be ignored when running in bare mode.
2026-03-25 02:01:33.135 Thread 'ThreadPoolExecutor-2_6': missing ScriptRunContext! This warning can be ignored when running in bare mode.
2026-03-25 02:01:33.141 Thread 'ThreadPoolExecutor-2_2': missing ScriptRunContext! This warning can be ignored when running in bare mode.
2026-03-25 02:01:33.150 Thread 'ThreadPoolExecutor-2_7': missing ScriptRunContext! This warning can be ignored when running in bare mode.
2026-03-25 02:01:33.171 Thread 'ThreadPoolExecutor-2_1': missing ScriptRunContext! This warning can be ignored when running in bare mode.
2026-03-25 02:01:33.208 Thread 'ThreadPoolExecutor-2_8': missing ScriptRunContext! This warning can be ignored when running in bare mode.
2026-03-25 02:01:33.219 Thread 'ThreadPoolExecutor-2_5': missing ScriptRunContext! This warning can be ignored when running in bare mode.
2026-03-25 02:01:33.226 Thread 'ThreadPoolExecutor-2_0': missing ScriptRunContext! This warning can be ignored when running in bare mode.
2026-03-25 02:01:33.474 Thread 'ThreadPoolExecutor-2_3': missing ScriptRunContext! This warning can be ignored when running in bare mode.
2026-03-25 02:01:33.488 Thread 'ThreadPoolExecutor-2_5': missing ScriptRunContext! This warning can be ignored when running in bare mode.
2026-03-25 02:01:33.493 Thread 'ThreadPoolExecutor-2_8': missing ScriptRunContext! This warning can be ignored when running in bare mode.
2026-03-25 02:01:33.496 Thread 'ThreadPoolExecutor-2_1': missing ScriptRunContext! This warning can be ignored when running in bare mode.
2026-03-25 02:01:33.501 Thread 'ThreadPoolExecutor-2_0': missing ScriptRunContext! This warning can be ignored when running in bare mode.
2026-03-25 02:01:33.521 Thread 'ThreadPoolExecutor-2_9': missing ScriptRunContext! This warning can be ignored when running in bare mode.
2026-03-25 02:01:33.524 Thread 'ThreadPoolExecutor-2_6': missing ScriptRunContext! This warning can be ignored when running in bare mode.
2026-03-25 02:01:33.529 Thread 'ThreadPoolExecutor-2_4': missing ScriptRunContext! This warning can be ignored when running in bare mode.
2026-03-25 02:01:33.564 Thread 'ThreadPoolExecutor-2_7': missing ScriptRunContext! This warning can be ignored when running in bare mode.
2026-03-25 02:01:33.584 Thread 'ThreadPoolExecutor-2_2': missing ScriptRunContext! This warning can be ignored when running in bare mode.
2026-03-25 02:01:33.610 Thread 'ThreadPoolExecutor-2_3': missing ScriptRunContext! This warning can be ignored when running in bare mode.
2026-03-25 02:01:33.653 Thread 'ThreadPoolExecutor-2_5': missing ScriptRunContext! This warning can be ignored when running in bare mode.
2026-03-25 02:01:33.658 Thread 'ThreadPoolExecutor-2_8': missing ScriptRunContext! This warning can be ignored when running in bare mode.
2026-03-25 02:01:33.804 Thread 'ThreadPoolExecutor-2_9': missing ScriptRunContext! This warning can be ignored when running in bare mode.
2026-03-25 02:01:33.810 Thread 'ThreadPoolExecutor-2_8': missing ScriptRunContext! This warning can be ignored when running in bare mode.
2026-03-25 02:01:33.816 Thread 'ThreadPoolExecutor-2_4': missing ScriptRunContext! This warning can be ignored when running in bare mode.
2026-03-25 02:01:33.833 Thread 'ThreadPoolExecutor-2_0': missing ScriptRunContext! This warning can be ignored when running in bare mode.
2026-03-25 02:01:33.839 Thread 'ThreadPoolExecutor-2_5': missing ScriptRunContext! This warning can be ignored when running in bare mode.
2026-03-25 02:01:33.843 Thread 'ThreadPoolExecutor-2_1': missing ScriptRunContext! This warning can be ignored when running in bare mode.
2026-03-25 02:01:33.846 Thread 'ThreadPoolExecutor-2_6': missing ScriptRunContext! This warning can be ignored when running in bare mode.
2026-03-25 02:01:33.856 Thread 'ThreadPoolExecutor-2_2': missing ScriptRunContext! This warning can be ignored when running in bare mode.
2026-03-25 02:01:33.862 Thread 'ThreadPoolExecutor-2_7': missing ScriptRunContext! This warning can be ignored when running in bare mode.
2026-03-25 02:01:33.869 Thread 'ThreadPoolExecutor-2_3': missing ScriptRunContext! This warning can be ignored when running in bare mode.
2026-03-25 02:01:34.207 Thread 'ThreadPoolExecutor-2_9': missing ScriptRunContext! This warning can be ignored when running in bare mode.
2026-03-25 02:01:34.228 Thread 'ThreadPoolExecutor-2_3': missing ScriptRunContext! This warning can be ignored when running in bare mode.
2026-03-25 02:01:34.233 Thread 'ThreadPoolExecutor-2_1': missing ScriptRunContext! This warning can be ignored when running in bare mode.
2026-03-25 02:01:34.244 Thread 'ThreadPoolExecutor-2_7': missing ScriptRunContext! This warning can be ignored when running in bare mode.
2026-03-25 02:01:34.251 Thread 'ThreadPoolExecutor-2_0': missing ScriptRunContext! This warning can be ignored when running in bare mode.
2026-03-25 02:01:34.261 Thread 'ThreadPoolExecutor-2_8': missing ScriptRunContext! This warning can be ignored when running in bare mode.
2026-03-25 02:01:34.264 Thread 'ThreadPoolExecutor-2_5': missing ScriptRunContext! This warning can be ignored when running in bare mode.
2026-03-25 02:01:34.270 Thread 'ThreadPoolExecutor-2_6': missing ScriptRunContext! This warning can be ignored when running in bare mode.
2026-03-25 02:01:34.273 Thread 'ThreadPoolExecutor-2_2': missing ScriptRunContext! This warning can be ignored when running in bare mode.
2026-03-25 02:01:34.281 Thread 'ThreadPoolExecutor-2_4': missing ScriptRunContext! This warning can be ignored when running in bare mode.
2026-03-25 02:01:34.467 Thread 'ThreadPoolExecutor-2_7': missing ScriptRunContext! This warning can be ignored when running in bare mode.
2026-03-25 02:01:34.470 Thread 'ThreadPoolExecutor-2_0': missing ScriptRunContext! This warning can be ignored when running in bare mode.
2026-03-25 02:01:34.475 Thread 'ThreadPoolExecutor-2_6': missing ScriptRunContext! This warning can be ignored when running in bare mode.
2026-03-25 02:01:34.483 Thread 'ThreadPoolExecutor-2_4': missing ScriptRunContext! This warning can be ignored when running in bare mode.
2026-03-25 02:01:34.491 Thread 'ThreadPoolExecutor-2_2': missing ScriptRunContext! This warning can be ignored when running in bare mode.
2026-03-25 02:01:34.493 Thread 'ThreadPoolExecutor-2_5': missing ScriptRunContext! This warning can be ignored when running in bare mode.
2026-03-25 02:01:34.500 Thread 'ThreadPoolExecutor-2_9': missing ScriptRunContext! This warning can be ignored when running in bare mode.
2026-03-25 02:01:34.507 Thread 'ThreadPoolExecutor-2_8': missing ScriptRunContext! This warning can be ignored when running in bare mode.
2026-03-25 02:01:34.511 Thread 'ThreadPoolExecutor-2_1': missing ScriptRunContext! This warning can be ignored when running in bare mode.
2026-03-25 02:01:34.524 Thread 'ThreadPoolExecutor-2_3': missing ScriptRunContext! This warning can be ignored when running in bare mode.
2026-03-25 02:01:37.647 Thread 'ThreadPoolExecutor-2_7': missing ScriptRunContext! This warning can be ignored when running in bare mode.
2026-03-25 02:01:37.672 Thread 'ThreadPoolExecutor-2_5': missing ScriptRunContext! This warning can be ignored when running in bare mode.
2026-03-25 02:01:37.682 Thread 'ThreadPoolExecutor-2_8': missing ScriptRunContext! This warning can be ignored when running in bare mode.
2026-03-25 02:01:37.690 Thread 'ThreadPoolExecutor-2_6': missing ScriptRunContext! This warning can be ignored when running in bare mode.
2026-03-25 02:01:37.693 Thread 'ThreadPoolExecutor-2_1': missing ScriptRunContext! This warning can be ignored when running in bare mode.
2026-03-25 02:01:37.697 Thread 'ThreadPoolExecutor-2_4': missing ScriptRunContext! This warning can be ignored when running in bare mode.
2026-03-25 02:01:37.702 Thread 'ThreadPoolExecutor-2_9': missing ScriptRunContext! This warning can be ignored when running in bare mode.
/app/universe/universe_loader.py:19: FutureWarning: Passing literal html to 'read_html' is deprecated and will be removed in a future version. To read from a literal string, wrap it in a 'StringIO' object.
  tables = pd.read_html(response.text)
2026-03-25 02:02:17.437 Thread 'ThreadPoolExecutor-3_2': missing ScriptRunContext! This warning can be ignored when running in bare mode.
2026-03-25 02:02:17.441 Thread 'ThreadPoolExecutor-3_4': missing ScriptRunContext! This warning can be ignored when running in bare mode.
2026-03-25 02:02:17.473 Thread 'ThreadPoolExecutor-3_6': missing ScriptRunContext! This warning can be ignored when running in bare mode.
2026-03-25 02:02:17.663 Thread 'ThreadPoolExecutor-3_8': missing ScriptRunContext! This warning can be ignored when running in bare mode.
2026-03-25 02:02:18.649 Thread 'ThreadPoolExecutor-3_0': missing ScriptRunContext! This warning can be ignored when running in bare mode.
2026-03-25 02:02:24.508 Please replace `use_container_width` with `width`.

`use_container_width` will be removed after 2025-12-31.

For `use_container_width=True`, use `width='stretch'`. For `use_container_width=False`, use `width='content'`.
2026-03-25 02:02:24.908 Please replace `use_container_width` with `width`.

`use_container_width` will be removed after 2025-12-31.

For `use_container_width=True`, use `width='stretch'`. For `use_container_width=False`, use `width='content'`.
