
Collecting usage statistics. To deactivate, set browser.gatherUsageStats to false.


  You can now view your Streamlit app in your browser.

  Local URL: http://localhost:8501
  Network URL: http://192.168.0.2:8501
  External URL: http://35.224.132.190:8501


1 Failed download:
['SHW']: TypeError("'NoneType' object is not subscriptable")
HTTP Error 404: {"quoteSummary":{"result":null,"error":{"code":"Not Found","description":"Quote not found for symbol: TOTAL"}}}
$TOTAL: possibly delisted; no price data found  (period=2y) (Yahoo error = "No data found, symbol may be delisted")

1 Failed download:
['TOTAL']: possibly delisted; no price data found  (period=2y) (Yahoo error = "No data found, symbol may be delisted")
Failed to get ticker 'PRICE' reason: Failed to perform, curl: (28) Connection timed out after 10001 milliseconds. See https://curl.se/libcurl/c/libcurl-errors.html first for more details.
Failed to get ticker 'MEDIAN' reason: Failed to perform, curl: (28) Connection timed out after 10001 milliseconds. See https://curl.se/libcurl/c/libcurl-errors.html first for more details.
$MEDIAN: possibly delisted; no price data found  (period=2y) (Yahoo error = "No data found, symbol may be delisted")
HTTP Error 404: {"quoteSummary":{"result":null,"error":{"code":"Not Found","description":"Quote not found for symbol: PRICE"}}}
$PRICE: possibly delisted; no price data found  (period=2y) (Yahoo error = "No data found, symbol may be delisted")

2 Failed downloads:
['MEDIAN', 'PRICE']: possibly delisted; no price data found  (period=2y) (Yahoo error = "No data found, symbol may be delisted")
2026-04-11 01:03:55.203 Please replace `use_container_width` with `width`.

`use_container_width` will be removed after 2025-12-31.

For `use_container_width=True`, use `width='stretch'`. For `use_container_width=False`, use `width='content'`.
2026-04-11 01:03:55.459 Please replace `use_container_width` with `width`.

`use_container_width` will be removed after 2025-12-31.

For `use_container_width=True`, use `width='stretch'`. For `use_container_width=False`, use `width='content'`.
